Step: build-step-credential-initializer:

{"level":"warn","ts":1551034406.0670416,"logger":"fallback-logger","caller":"logging/config.go:65","msg":"Fetch GitHub commit ID from kodata failed: \"ref: refs/heads/test\" is not a valid GitHub commit ID"}
{"level":"info","ts":1551034406.067521,"logger":"fallback-logger","caller":"creds-init/main.go:40","msg":"Credentials initialized."}
Step: build-step-git-source-0:

{"level":"warn","ts":1551034406.777608,"logger":"fallback-logger","caller":"logging/config.go:65","msg":"Fetch GitHub commit ID from kodata failed: \"ref: refs/heads/test\" is not a valid GitHub commit ID"}
{"level":"info","ts":1551034407.035356,"logger":"fallback-logger","caller":"git-init/main.go:92","msg":"Successfully cloned \"https://github.com/ckcd-sa/beedemo-ops-go-http.git\" @ \"master\" in path \"/workspace\""}
Step: build-step-jenkins:

Picked up _JAVA_OPTIONS: -Xmx400m
Started
Running in Durability level: PERFORMANCE_OPTIMIZED
  14.564 [id=35]	WARNING	i.f.k.c.i.VersionUsageUtils#alert: The client is using resource type 'customresourcedefinitions' with unstable version 'v1beta1'
[Pipeline] node
Running on Jenkins in /tmp/jenkinsTests.tmp/jenkins3909709304606996407test/workspace/job
[Pipeline] {
[Pipeline] stage
[Pipeline] { (Declarative: Checkout SCM)
[Pipeline] checkout
[Pipeline] }
[Pipeline] // stage
[Pipeline] withCredentials
[Pipeline] {
[Pipeline] withEnv
[Pipeline] {
[Pipeline] stage
[Pipeline] { (CI Build and push snapshot)
Stage "CI Build and push snapshot" skipped due to when conditional
[Pipeline] }
[Pipeline] // stage
[Pipeline] stage
[Pipeline] { (Build Release)
[Pipeline] dir
Running in /home/jenkins/go/src/github.com/ckcd-sa/beedemo-ops-go-http
[Pipeline] {
[Pipeline] git
Cloning the remote Git repository
Cloning repository https://github.com/ckcd-sa/beedemo-ops-go-http.git
 > git init /home/jenkins/go/src/github.com/ckcd-sa/beedemo-ops-go-http # timeout=10
Fetching upstream changes from https://github.com/ckcd-sa/beedemo-ops-go-http.git
 > git --version # timeout=10
 > git fetch --tags --progress https://github.com/ckcd-sa/beedemo-ops-go-http.git +refs/heads/*:refs/remotes/origin/*
 > git config remote.origin.url https://github.com/ckcd-sa/beedemo-ops-go-http.git # timeout=10
 > git config --add remote.origin.fetch +refs/heads/*:refs/remotes/origin/* # timeout=10
 > git config remote.origin.url https://github.com/ckcd-sa/beedemo-ops-go-http.git # timeout=10
Fetching upstream changes from https://github.com/ckcd-sa/beedemo-ops-go-http.git
 > git fetch --tags --progress https://github.com/ckcd-sa/beedemo-ops-go-http.git +refs/heads/*:refs/remotes/origin/*
 > git rev-parse refs/remotes/origin/master^{commit} # timeout=10
 > git rev-parse refs/remotes/origin/origin/master^{commit} # timeout=10
Checking out Revision 0cd1ecb281db0795f7257ccca4702772e11f6e1e (refs/remotes/origin/master)
 > git config core.sparsecheckout # timeout=10
 > git checkout -f 0cd1ecb281db0795f7257ccca4702772e11f6e1e
 > git branch -a -v --no-abbrev # timeout=10
 > git checkout -b master 0cd1ecb281db0795f7257ccca4702772e11f6e1e
Commit message: "Draft create"
First time build. Skipping changelog.
[Pipeline] sh
+ jx-release-version
+ echo 0.0.1
[Pipeline] sh
+ cat VERSION
+ jx step tag --version 0.0.1
Tag v0.0.1 created and pushed to remote origin
[Pipeline] sh
+ make build
CGO_ENABLED=0 GO15VENDOREXPERIMENT=1 go build -ldflags '' -o bin/beedemo-ops-go-http main.go
[Pipeline] sh
+ cat VERSION
+ export VERSION=0.0.1
+ skaffold build -f skaffold.yaml
time="2019-02-24T18:53:59Z" level=warning msg="config version (skaffold/v1beta2) out of date: upgrading to latest (skaffold/v1beta3)"
Starting build...
Building [changeme]...
Sending build context to Docker daemon  525.8kBSending build context to Docker daemon  6.502MB
Step 1/4 : FROM scratch
 ---> 
Step 2/4 : EXPOSE 8080
 ---> Using cache
 ---> 34ff86d81c95
Step 3/4 : ENTRYPOINT /beedemo-ops-go-http
 ---> Running in 40071c5a1975
 ---> 1fb8d66dfc7c
Step 4/4 : COPY ./bin/ /
 ---> 5f12d8d006f9
Successfully built 5f12d8d006f9
The push refers to a repository [10.39.248.137:5000/ckcd-sa/beedemo-ops-go-http]
0f0fe27885a2: Preparing
0f0fe27885a2: Pushed
0.0.1: digest: sha256:33818cc8d2f8563948ceec664393c3d0b1ca4cb6d9550a02b3c696f9cd104436 size: 528
Build complete in 1.819771657s
Starting test...
Test complete in 5.981µs
changeme -> 10.39.248.137:5000/ckcd-sa/beedemo-ops-go-http:0.0.1
There is a new version (0.23.0) of skaffold available. Download it at https://storage.googleapis.com/skaffold/releases/latest/skaffold-linux-amd64

[Pipeline] sh
+ cat VERSION
+ jx step post build --image 10.39.248.137:5000/ckcd-sa/beedemo-ops-go-http:0.0.1
[Pipeline] }
[Pipeline] // dir
[Pipeline] }
[Pipeline] // stage
[Pipeline] stage
[Pipeline] { (Promote to Environments)
[Pipeline] dir
Running in /home/jenkins/go/src/github.com/ckcd-sa/beedemo-ops-go-http/charts/beedemo-ops-go-http
[Pipeline] {
[Pipeline] sh
+ cat ../../VERSION
+ jx step changelog --version v0.0.1
Using batch mode as inside a pipeline
Generating change log from git ref 0cd1ecb281db0795f7257ccca4702772e11f6e1e => 4989db6646b67da8901f1500e187398cf5162d85
Failed to enrich commits with issues: User.jenkins.io "" is invalid: metadata.name: Required value: name or generateName is required
Failed to enrich commits with issues: User.jenkins.io "" is invalid: metadata.name: Required value: name or generateName is required
Finding issues in commit messages using git format
No release found for ckcd-sa/beedemo-ops-go-http and tag v0.0.1 so creating a new release
Updated the release information at https://github.com/ckcd-sa/beedemo-ops-go-http/releases/tag/v0.0.1
generated: /home/jenkins/go/src/github.com/ckcd-sa/beedemo-ops-go-http/charts/beedemo-ops-go-http/templates/release.yaml
Created Release beedemo-ops-go-http-0-0-1 resource in namespace jx
Updating PipelineActivity ckcd-sa-beedemo-ops-go-http-master-1 with version 0.0.1
[Pipeline] sh
+ jx step helm release
No $CHART_REPOSITORY defined so using the default value of: http://jenkins-x-chartmuseum:8080
Adding missing Helm repo: jenkins-x http://chartmuseum.jenkins-x.io
Successfully added Helm repository jenkins-x.
Adding missing Helm repo: releases http://jenkins-x-chartmuseum:8080
Successfully added Helm repository releases.
No $CHART_REPOSITORY defined so using the default value of: http://jenkins-x-chartmuseum:8080
Uploading chart file beedemo-ops-go-http-0.0.1.tgz to http://jenkins-x-chartmuseum:8080/api/charts
Received 201 response: {"saved":true}
[Pipeline] sh
+ cat ../../VERSION
+ jx promote -b --all-auto --timeout 1h --version 0.0.1
prow based install so skip waiting for the merge of Pull Requests to go green as currently there is an issue with gettingstatuses from the PR, see https://github.com/jenkins-x/jx/issues/2410
Promoting app beedemo-ops-go-http version 0.0.1 to namespace jx-staging
Created Pull Request: https://github.com/ckcd-sa/environment-wyrmpeach-dev-staging/pull/2

Pull Request https://github.com/ckcd-sa/environment-wyrmpeach-dev-staging/pull/2 is merged at sha 2265ba38469185300fd6ff239e2aae39ba59a5e7
Pull Request merged but we are not waiting for the update pipeline to complete!
Could not find the service URL in namespace jx-staging for names beedemo-ops-go-http, jx-beedemo-ops-go-http, jx-staging-beedemo-ops-go-http
[Pipeline] }
[Pipeline] // dir
[Pipeline] }
[Pipeline] // stage
[Pipeline] }
[Pipeline] // withEnv
[Pipeline] }
[Pipeline] // withCredentials
[Pipeline] }
[Pipeline] // node
[Pipeline] End of Pipeline
Finished: SUCCESS
